{"C:\\Users\\User\\Desktop\\gobarber\\web\\src\\components\\Button\\index.tsx": {"path":"C:\\Users\\User\\Desktop\\gobarber\\web\\src\\components\\Button\\index.tsx","statementMap":{"0":{"start":{"line":9,"column":38},"end":{"line":13,"column":1}},"1":{"start":{"line":10,"column":4},"end":{"line":12,"column":16}}},"fnMap":{"0":{"name":"(anonymous_0)","decl":{"start":{"line":9,"column":38},"end":{"line":9,"column":39}},"loc":{"start":{"line":10,"column":4},"end":{"line":12,"column":16}},"line":10}},"branchMap":{},"s":{"0":1,"1":3},"f":{"0":3},"b":{},"_coverageSchema":"43e27e138ebf9cfc5966b082cf9a028302ed4184","hash":"68e0f2520e35cf26a1720e3e5c063ce024b2985b"}
,"C:\\Users\\User\\Desktop\\gobarber\\web\\src\\components\\Input\\index.tsx": {"path":"C:\\Users\\User\\Desktop\\gobarber\\web\\src\\components\\Input\\index.tsx","statementMap":{"0":{"start":{"line":14,"column":36},"end":{"line":64,"column":1}},"1":{"start":{"line":15,"column":21},"end":{"line":15,"column":51}},"2":{"start":{"line":16,"column":62},"end":{"line":16,"column":76}},"3":{"start":{"line":18,"column":38},"end":{"line":18,"column":53}},"4":{"start":{"line":19,"column":36},"end":{"line":19,"column":51}},"5":{"start":{"line":21,"column":29},"end":{"line":23,"column":10}},"6":{"start":{"line":22,"column":8},"end":{"line":22,"column":26}},"7":{"start":{"line":25,"column":28},"end":{"line":29,"column":10}},"8":{"start":{"line":26,"column":8},"end":{"line":26,"column":27}},"9":{"start":{"line":28,"column":8},"end":{"line":28,"column":46}},"10":{"start":{"line":31,"column":4},"end":{"line":37,"column":34}},"11":{"start":{"line":32,"column":8},"end":{"line":36,"column":10}},"12":{"start":{"line":39,"column":4},"end":{"line":63,"column":5}}},"fnMap":{"0":{"name":"(anonymous_0)","decl":{"start":{"line":14,"column":36},"end":{"line":14,"column":37}},"loc":{"start":{"line":14,"column":92},"end":{"line":64,"column":1}},"line":14},"1":{"name":"(anonymous_1)","decl":{"start":{"line":21,"column":41},"end":{"line":21,"column":42}},"loc":{"start":{"line":21,"column":47},"end":{"line":23,"column":5}},"line":21},"2":{"name":"(anonymous_2)","decl":{"start":{"line":25,"column":40},"end":{"line":25,"column":41}},"loc":{"start":{"line":25,"column":46},"end":{"line":29,"column":5}},"line":25},"3":{"name":"(anonymous_3)","decl":{"start":{"line":31,"column":14},"end":{"line":31,"column":15}},"loc":{"start":{"line":31,"column":20},"end":{"line":37,"column":5}},"line":31}},"branchMap":{"0":{"loc":{"start":{"line":14,"column":45},"end":{"line":14,"column":64}},"type":"default-arg","locations":[{"start":{"line":14,"column":62},"end":{"line":14,"column":64}}],"line":14},"1":{"loc":{"start":{"line":47,"column":13},"end":{"line":47,"column":39}},"type":"binary-expr","locations":[{"start":{"line":47,"column":13},"end":{"line":47,"column":17}},{"start":{"line":47,"column":21},"end":{"line":47,"column":39}}],"line":47},"2":{"loc":{"start":{"line":57,"column":13},"end":{"line":60,"column":20}},"type":"binary-expr","locations":[{"start":{"line":57,"column":13},"end":{"line":57,"column":18}},{"start":{"line":58,"column":12},"end":{"line":60,"column":20}}],"line":57}},"s":{"0":2,"1":24,"2":24,"3":24,"4":24,"5":24,"6":1,"7":24,"8":1,"9":1,"10":24,"11":10,"12":24},"f":{"0":24,"1":1,"2":1,"3":10},"b":{"0":[24],"1":[24,20],"2":[24,1]},"_coverageSchema":"43e27e138ebf9cfc5966b082cf9a028302ed4184","hash":"6e970bb3d44f553a780eefc7de47f26cc8506ef3"}
,"C:\\Users\\User\\Desktop\\gobarber\\web\\src\\components\\ToastContainer\\index.tsx": {"path":"C:\\Users\\User\\Desktop\\gobarber\\web\\src\\components\\ToastContainer\\index.tsx","statementMap":{"0":{"start":{"line":13,"column":54},"end":{"line":31,"column":1}},"1":{"start":{"line":14,"column":35},"end":{"line":22,"column":5}},"2":{"start":{"line":16,"column":19},"end":{"line":16,"column":29}},"3":{"start":{"line":24,"column":4},"end":{"line":30,"column":5}},"4":{"start":{"line":27,"column":16},"end":{"line":27,"column":63}}},"fnMap":{"0":{"name":"(anonymous_0)","decl":{"start":{"line":13,"column":54},"end":{"line":13,"column":55}},"loc":{"start":{"line":13,"column":72},"end":{"line":31,"column":1}},"line":13},"1":{"name":"(anonymous_1)","decl":{"start":{"line":16,"column":8},"end":{"line":16,"column":9}},"loc":{"start":{"line":16,"column":19},"end":{"line":16,"column":29}},"line":16},"2":{"name":"(anonymous_2)","decl":{"start":{"line":26,"column":40},"end":{"line":26,"column":41}},"loc":{"start":{"line":27,"column":16},"end":{"line":27,"column":63}},"line":27}},"branchMap":{},"s":{"0":0,"1":0,"2":0,"3":0,"4":0},"f":{"0":0,"1":0,"2":0},"b":{},"hash":"c84131de63f4394035bfa5918d9f9c2bb43275bf"}
,"C:\\Users\\User\\Desktop\\gobarber\\web\\src\\components\\ToastContainer\\Toast\\index.tsx": {"path":"C:\\Users\\User\\Desktop\\gobarber\\web\\src\\components\\ToastContainer\\Toast\\index.tsx","statementMap":{"0":{"start":{"line":12,"column":14},"end":{"line":16,"column":1}},"1":{"start":{"line":18,"column":36},"end":{"line":46,"column":1}},"2":{"start":{"line":19,"column":28},"end":{"line":19,"column":38}},"3":{"start":{"line":21,"column":4},"end":{"line":30,"column":33}},"4":{"start":{"line":22,"column":22},"end":{"line":24,"column":16}},"5":{"start":{"line":23,"column":12},"end":{"line":23,"column":35}},"6":{"start":{"line":26,"column":8},"end":{"line":28,"column":9}},"7":{"start":{"line":27,"column":12},"end":{"line":27,"column":31}},"8":{"start":{"line":32,"column":4},"end":{"line":45,"column":5}},"9":{"start":{"line":41,"column":35},"end":{"line":41,"column":58}}},"fnMap":{"0":{"name":"(anonymous_0)","decl":{"start":{"line":18,"column":36},"end":{"line":18,"column":37}},"loc":{"start":{"line":18,"column":60},"end":{"line":46,"column":1}},"line":18},"1":{"name":"(anonymous_1)","decl":{"start":{"line":21,"column":14},"end":{"line":21,"column":15}},"loc":{"start":{"line":21,"column":20},"end":{"line":30,"column":5}},"line":21},"2":{"name":"(anonymous_2)","decl":{"start":{"line":22,"column":33},"end":{"line":22,"column":34}},"loc":{"start":{"line":22,"column":39},"end":{"line":24,"column":9}},"line":22},"3":{"name":"(anonymous_3)","decl":{"start":{"line":26,"column":15},"end":{"line":26,"column":16}},"loc":{"start":{"line":26,"column":21},"end":{"line":28,"column":9}},"line":26},"4":{"name":"(anonymous_4)","decl":{"start":{"line":41,"column":29},"end":{"line":41,"column":30}},"loc":{"start":{"line":41,"column":35},"end":{"line":41,"column":58}},"line":41}},"branchMap":{"0":{"loc":{"start":{"line":34,"column":19},"end":{"line":34,"column":41}},"type":"binary-expr","locations":[{"start":{"line":34,"column":19},"end":{"line":34,"column":31}},{"start":{"line":34,"column":35},"end":{"line":34,"column":41}}],"line":34},"1":{"loc":{"start":{"line":38,"column":17},"end":{"line":38,"column":68}},"type":"binary-expr","locations":[{"start":{"line":38,"column":17},"end":{"line":38,"column":36}},{"start":{"line":38,"column":40},"end":{"line":38,"column":68}}],"line":38}},"s":{"0":0,"1":0,"2":0,"3":0,"4":0,"5":0,"6":0,"7":0,"8":0,"9":0},"f":{"0":0,"1":0,"2":0,"3":0,"4":0},"b":{"0":[0,0],"1":[0,0]},"hash":"f548d90cc00e220fe05fa5e3b91c2b6726d6a401"}
,"C:\\Users\\User\\Desktop\\gobarber\\web\\src\\hooks\\auth.tsx": {"path":"C:\\Users\\User\\Desktop\\gobarber\\web\\src\\hooks\\auth.tsx","statementMap":{"0":{"start":{"line":29,"column":20},"end":{"line":29,"column":73}},"1":{"start":{"line":31,"column":31},"end":{"line":84,"column":1}},"2":{"start":{"line":32,"column":28},"end":{"line":44,"column":6}},"3":{"start":{"line":33,"column":22},"end":{"line":33,"column":60}},"4":{"start":{"line":34,"column":21},"end":{"line":34,"column":58}},"5":{"start":{"line":36,"column":8},"end":{"line":40,"column":9}},"6":{"start":{"line":37,"column":12},"end":{"line":37,"column":66}},"7":{"start":{"line":39,"column":12},"end":{"line":39,"column":52}},"8":{"start":{"line":43,"column":8},"end":{"line":43,"column":30}},"9":{"start":{"line":47,"column":19},"end":{"line":60,"column":10}},"10":{"start":{"line":48,"column":25},"end":{"line":51,"column":10}},"11":{"start":{"line":52,"column":32},"end":{"line":52,"column":45}},"12":{"start":{"line":54,"column":8},"end":{"line":54,"column":53}},"13":{"start":{"line":55,"column":8},"end":{"line":55,"column":67}},"14":{"start":{"line":57,"column":8},"end":{"line":57,"column":62}},"15":{"start":{"line":59,"column":8},"end":{"line":59,"column":32}},"16":{"start":{"line":63,"column":20},"end":{"line":68,"column":10}},"17":{"start":{"line":64,"column":8},"end":{"line":64,"column":49}},"18":{"start":{"line":65,"column":8},"end":{"line":65,"column":48}},"19":{"start":{"line":67,"column":8},"end":{"line":67,"column":32}},"20":{"start":{"line":70,"column":23},"end":{"line":77,"column":29}},"21":{"start":{"line":71,"column":8},"end":{"line":71,"column":67}},"22":{"start":{"line":73,"column":8},"end":{"line":76,"column":10}},"23":{"start":{"line":79,"column":4},"end":{"line":83,"column":5}},"24":{"start":{"line":87,"column":20},"end":{"line":87,"column":43}},"25":{"start":{"line":89,"column":4},"end":{"line":91,"column":5}},"26":{"start":{"line":90,"column":8},"end":{"line":90,"column":69}},"27":{"start":{"line":93,"column":4},"end":{"line":93,"column":18}}},"fnMap":{"0":{"name":"(anonymous_0)","decl":{"start":{"line":31,"column":31},"end":{"line":31,"column":32}},"loc":{"start":{"line":31,"column":49},"end":{"line":84,"column":1}},"line":31},"1":{"name":"(anonymous_1)","decl":{"start":{"line":32,"column":48},"end":{"line":32,"column":49}},"loc":{"start":{"line":32,"column":54},"end":{"line":44,"column":5}},"line":32},"2":{"name":"(anonymous_2)","decl":{"start":{"line":47,"column":31},"end":{"line":47,"column":32}},"loc":{"start":{"line":47,"column":62},"end":{"line":60,"column":5}},"line":47},"3":{"name":"(anonymous_3)","decl":{"start":{"line":63,"column":32},"end":{"line":63,"column":33}},"loc":{"start":{"line":63,"column":38},"end":{"line":68,"column":5}},"line":63},"4":{"name":"(anonymous_4)","decl":{"start":{"line":70,"column":35},"end":{"line":70,"column":36}},"loc":{"start":{"line":70,"column":51},"end":{"line":77,"column":5}},"line":70},"5":{"name":"useAuth","decl":{"start":{"line":86,"column":9},"end":{"line":86,"column":16}},"loc":{"start":{"line":86,"column":36},"end":{"line":94,"column":1}},"line":86}},"branchMap":{"0":{"loc":{"start":{"line":36,"column":8},"end":{"line":40,"column":9}},"type":"if","locations":[{"start":{"line":36,"column":8},"end":{"line":40,"column":9}},{"start":{"line":36,"column":8},"end":{"line":40,"column":9}}],"line":36},"1":{"loc":{"start":{"line":36,"column":12},"end":{"line":36,"column":25}},"type":"binary-expr","locations":[{"start":{"line":36,"column":12},"end":{"line":36,"column":17}},{"start":{"line":36,"column":21},"end":{"line":36,"column":25}}],"line":36},"2":{"loc":{"start":{"line":89,"column":4},"end":{"line":91,"column":5}},"type":"if","locations":[{"start":{"line":89,"column":4},"end":{"line":91,"column":5}},{"start":{"line":89,"column":4},"end":{"line":91,"column":5}}],"line":89}},"s":{"0":0,"1":0,"2":0,"3":0,"4":0,"5":0,"6":0,"7":0,"8":0,"9":0,"10":0,"11":0,"12":0,"13":0,"14":0,"15":0,"16":0,"17":0,"18":0,"19":0,"20":0,"21":0,"22":0,"23":0,"24":0,"25":0,"26":0,"27":0},"f":{"0":0,"1":0,"2":0,"3":0,"4":0,"5":0},"b":{"0":[0,0],"1":[0,0],"2":[0,0]},"hash":"cef25eaf375e146253879305d03a36bffb08e6dc"}
,"C:\\Users\\User\\Desktop\\gobarber\\web\\src\\hooks\\toast.tsx": {"path":"C:\\Users\\User\\Desktop\\gobarber\\web\\src\\hooks\\toast.tsx","statementMap":{"0":{"start":{"line":18,"column":21},"end":{"line":18,"column":76}},"1":{"start":{"line":20,"column":32},"end":{"line":47,"column":1}},"2":{"start":{"line":21,"column":36},"end":{"line":21,"column":64}},"3":{"start":{"line":23,"column":21},"end":{"line":34,"column":10}},"4":{"start":{"line":24,"column":19},"end":{"line":24,"column":25}},"5":{"start":{"line":26,"column":22},"end":{"line":31,"column":9}},"6":{"start":{"line":33,"column":8},"end":{"line":33,"column":61}},"7":{"start":{"line":33,"column":37},"end":{"line":33,"column":60}},"8":{"start":{"line":36,"column":24},"end":{"line":38,"column":10}},"9":{"start":{"line":37,"column":8},"end":{"line":37,"column":76}},"10":{"start":{"line":37,"column":31},"end":{"line":37,"column":75}},"11":{"start":{"line":37,"column":57},"end":{"line":37,"column":74}},"12":{"start":{"line":40,"column":4},"end":{"line":46,"column":5}},"13":{"start":{"line":50,"column":20},"end":{"line":50,"column":44}},"14":{"start":{"line":52,"column":4},"end":{"line":54,"column":5}},"15":{"start":{"line":53,"column":8},"end":{"line":53,"column":71}},"16":{"start":{"line":56,"column":4},"end":{"line":56,"column":18}}},"fnMap":{"0":{"name":"(anonymous_0)","decl":{"start":{"line":20,"column":32},"end":{"line":20,"column":33}},"loc":{"start":{"line":20,"column":50},"end":{"line":47,"column":1}},"line":20},"1":{"name":"(anonymous_1)","decl":{"start":{"line":23,"column":33},"end":{"line":23,"column":34}},"loc":{"start":{"line":23,"column":93},"end":{"line":34,"column":5}},"line":23},"2":{"name":"(anonymous_2)","decl":{"start":{"line":33,"column":20},"end":{"line":33,"column":21}},"loc":{"start":{"line":33,"column":37},"end":{"line":33,"column":60}},"line":33},"3":{"name":"(anonymous_3)","decl":{"start":{"line":36,"column":36},"end":{"line":36,"column":37}},"loc":{"start":{"line":36,"column":52},"end":{"line":38,"column":5}},"line":36},"4":{"name":"(anonymous_4)","decl":{"start":{"line":37,"column":20},"end":{"line":37,"column":21}},"loc":{"start":{"line":37,"column":31},"end":{"line":37,"column":75}},"line":37},"5":{"name":"(anonymous_5)","decl":{"start":{"line":37,"column":44},"end":{"line":37,"column":45}},"loc":{"start":{"line":37,"column":57},"end":{"line":37,"column":74}},"line":37},"6":{"name":"useToast","decl":{"start":{"line":49,"column":9},"end":{"line":49,"column":17}},"loc":{"start":{"line":49,"column":38},"end":{"line":57,"column":1}},"line":49}},"branchMap":{"0":{"loc":{"start":{"line":52,"column":4},"end":{"line":54,"column":5}},"type":"if","locations":[{"start":{"line":52,"column":4},"end":{"line":54,"column":5}},{"start":{"line":52,"column":4},"end":{"line":54,"column":5}}],"line":52}},"s":{"0":0,"1":0,"2":0,"3":0,"4":0,"5":0,"6":0,"7":0,"8":0,"9":0,"10":0,"11":0,"12":0,"13":0,"14":0,"15":0,"16":0},"f":{"0":0,"1":0,"2":0,"3":0,"4":0,"5":0,"6":0},"b":{"0":[0,0]},"hash":"58fd35988a3d4954aee4ba759d224d7e4f4f6888"}
,"C:\\Users\\User\\Desktop\\gobarber\\web\\src\\pages\\Dashboard\\index.tsx": {"path":"C:\\Users\\User\\Desktop\\gobarber\\web\\src\\pages\\Dashboard\\index.tsx","statementMap":{"0":{"start":{"line":40,"column":28},"end":{"line":269,"column":1}},"1":{"start":{"line":41,"column":44},"end":{"line":41,"column":64}},"2":{"start":{"line":42,"column":44},"end":{"line":42,"column":64}},"3":{"start":{"line":43,"column":44},"end":{"line":43,"column":71}},"4":{"start":{"line":44,"column":54},"end":{"line":44,"column":91}},"5":{"start":{"line":46,"column":30},"end":{"line":46,"column":39}},"6":{"start":{"line":48,"column":29},"end":{"line":52,"column":10}},"7":{"start":{"line":49,"column":8},"end":{"line":51,"column":9}},"8":{"start":{"line":50,"column":12},"end":{"line":50,"column":32}},"9":{"start":{"line":54,"column":30},"end":{"line":56,"column":10}},"10":{"start":{"line":55,"column":8},"end":{"line":55,"column":30}},"11":{"start":{"line":58,"column":4},"end":{"line":67,"column":31}},"12":{"start":{"line":59,"column":8},"end":{"line":66,"column":10}},"13":{"start":{"line":65,"column":12},"end":{"line":65,"column":47}},"14":{"start":{"line":69,"column":4},"end":{"line":85,"column":22}},"15":{"start":{"line":70,"column":8},"end":{"line":84,"column":10}},"16":{"start":{"line":77,"column":42},"end":{"line":82,"column":14}},"17":{"start":{"line":78,"column":16},"end":{"line":81,"column":17}},"18":{"start":{"line":83,"column":12},"end":{"line":83,"column":50}},"19":{"start":{"line":88,"column":25},"end":{"line":99,"column":41}},"20":{"start":{"line":89,"column":22},"end":{"line":96,"column":14}},"21":{"start":{"line":90,"column":32},"end":{"line":90,"column":60}},"22":{"start":{"line":92,"column":29},"end":{"line":92,"column":55}},"23":{"start":{"line":93,"column":30},"end":{"line":93,"column":53}},"24":{"start":{"line":95,"column":16},"end":{"line":95,"column":58}},"25":{"start":{"line":98,"column":8},"end":{"line":98,"column":20}},"26":{"start":{"line":102,"column":31},"end":{"line":106,"column":22}},"27":{"start":{"line":103,"column":8},"end":{"line":105,"column":10}},"28":{"start":{"line":109,"column":28},"end":{"line":111,"column":22}},"29":{"start":{"line":110,"column":8},"end":{"line":110,"column":61}},"30":{"start":{"line":114,"column":32},"end":{"line":118,"column":22}},"31":{"start":{"line":115,"column":8},"end":{"line":117,"column":10}},"32":{"start":{"line":116,"column":12},"end":{"line":116,"column":61}},"33":{"start":{"line":121,"column":34},"end":{"line":125,"column":22}},"34":{"start":{"line":122,"column":8},"end":{"line":124,"column":10}},"35":{"start":{"line":123,"column":12},"end":{"line":123,"column":62}},"36":{"start":{"line":128,"column":28},"end":{"line":132,"column":22}},"37":{"start":{"line":129,"column":8},"end":{"line":131,"column":9}},"38":{"start":{"line":130,"column":12},"end":{"line":130,"column":59}},"39":{"start":{"line":134,"column":4},"end":{"line":268,"column":5}},"40":{"start":{"line":196,"column":28},"end":{"line":209,"column":42}},"41":{"start":{"line":221,"column":28},"end":{"line":234,"column":42}}},"fnMap":{"0":{"name":"(anonymous_0)","decl":{"start":{"line":40,"column":28},"end":{"line":40,"column":29}},"loc":{"start":{"line":40,"column":34},"end":{"line":269,"column":1}},"line":40},"1":{"name":"(anonymous_1)","decl":{"start":{"line":48,"column":41},"end":{"line":48,"column":42}},"loc":{"start":{"line":48,"column":81},"end":{"line":52,"column":5}},"line":48},"2":{"name":"(anonymous_2)","decl":{"start":{"line":54,"column":42},"end":{"line":54,"column":43}},"loc":{"start":{"line":54,"column":59},"end":{"line":56,"column":5}},"line":54},"3":{"name":"(anonymous_3)","decl":{"start":{"line":58,"column":14},"end":{"line":58,"column":15}},"loc":{"start":{"line":58,"column":20},"end":{"line":67,"column":5}},"line":58},"4":{"name":"(anonymous_4)","decl":{"start":{"line":64,"column":16},"end":{"line":64,"column":17}},"loc":{"start":{"line":64,"column":28},"end":{"line":66,"column":9}},"line":64},"5":{"name":"(anonymous_5)","decl":{"start":{"line":69,"column":14},"end":{"line":69,"column":15}},"loc":{"start":{"line":69,"column":20},"end":{"line":85,"column":5}},"line":69},"6":{"name":"(anonymous_6)","decl":{"start":{"line":76,"column":16},"end":{"line":76,"column":17}},"loc":{"start":{"line":76,"column":28},"end":{"line":84,"column":9}},"line":76},"7":{"name":"(anonymous_7)","decl":{"start":{"line":77,"column":60},"end":{"line":77,"column":61}},"loc":{"start":{"line":77,"column":75},"end":{"line":82,"column":13}},"line":77},"8":{"name":"(anonymous_8)","decl":{"start":{"line":88,"column":33},"end":{"line":88,"column":34}},"loc":{"start":{"line":88,"column":39},"end":{"line":99,"column":5}},"line":88},"9":{"name":"(anonymous_9)","decl":{"start":{"line":90,"column":20},"end":{"line":90,"column":21}},"loc":{"start":{"line":90,"column":32},"end":{"line":90,"column":60}},"line":90},"10":{"name":"(anonymous_10)","decl":{"start":{"line":91,"column":17},"end":{"line":91,"column":18}},"loc":{"start":{"line":91,"column":29},"end":{"line":96,"column":13}},"line":91},"11":{"name":"(anonymous_11)","decl":{"start":{"line":102,"column":39},"end":{"line":102,"column":40}},"loc":{"start":{"line":102,"column":45},"end":{"line":106,"column":5}},"line":102},"12":{"name":"(anonymous_12)","decl":{"start":{"line":109,"column":36},"end":{"line":109,"column":37}},"loc":{"start":{"line":109,"column":42},"end":{"line":111,"column":5}},"line":109},"13":{"name":"(anonymous_13)","decl":{"start":{"line":114,"column":40},"end":{"line":114,"column":41}},"loc":{"start":{"line":114,"column":46},"end":{"line":118,"column":5}},"line":114},"14":{"name":"(anonymous_14)","decl":{"start":{"line":115,"column":35},"end":{"line":115,"column":36}},"loc":{"start":{"line":115,"column":50},"end":{"line":117,"column":9}},"line":115},"15":{"name":"(anonymous_15)","decl":{"start":{"line":121,"column":42},"end":{"line":121,"column":43}},"loc":{"start":{"line":121,"column":48},"end":{"line":125,"column":5}},"line":121},"16":{"name":"(anonymous_16)","decl":{"start":{"line":122,"column":35},"end":{"line":122,"column":36}},"loc":{"start":{"line":122,"column":50},"end":{"line":124,"column":9}},"line":122},"17":{"name":"(anonymous_17)","decl":{"start":{"line":128,"column":36},"end":{"line":128,"column":37}},"loc":{"start":{"line":128,"column":42},"end":{"line":132,"column":5}},"line":128},"18":{"name":"(anonymous_18)","decl":{"start":{"line":129,"column":33},"end":{"line":129,"column":34}},"loc":{"start":{"line":130,"column":12},"end":{"line":130,"column":59}},"line":130},"19":{"name":"(anonymous_19)","decl":{"start":{"line":195,"column":49},"end":{"line":195,"column":50}},"loc":{"start":{"line":196,"column":28},"end":{"line":209,"column":42}},"line":196},"20":{"name":"(anonymous_20)","decl":{"start":{"line":220,"column":51},"end":{"line":220,"column":52}},"loc":{"start":{"line":221,"column":28},"end":{"line":234,"column":42}},"line":221}},"branchMap":{"0":{"loc":{"start":{"line":49,"column":8},"end":{"line":51,"column":9}},"type":"if","locations":[{"start":{"line":49,"column":8},"end":{"line":51,"column":9}},{"start":{"line":49,"column":8},"end":{"line":51,"column":9}}],"line":49},"1":{"loc":{"start":{"line":49,"column":12},"end":{"line":49,"column":54}},"type":"binary-expr","locations":[{"start":{"line":49,"column":12},"end":{"line":49,"column":31}},{"start":{"line":49,"column":35},"end":{"line":49,"column":54}}],"line":49},"2":{"loc":{"start":{"line":166,"column":25},"end":{"line":166,"column":67}},"type":"binary-expr","locations":[{"start":{"line":166,"column":25},"end":{"line":166,"column":46}},{"start":{"line":166,"column":50},"end":{"line":166,"column":67}}],"line":166},"3":{"loc":{"start":{"line":171,"column":21},"end":{"line":186,"column":21}},"type":"binary-expr","locations":[{"start":{"line":171,"column":21},"end":{"line":171,"column":42}},{"start":{"line":171,"column":46},"end":{"line":171,"column":61}},{"start":{"line":172,"column":20},"end":{"line":185,"column":38}}],"line":171},"4":{"loc":{"start":{"line":191,"column":25},"end":{"line":193,"column":25}},"type":"binary-expr","locations":[{"start":{"line":191,"column":25},"end":{"line":191,"column":57}},{"start":{"line":192,"column":28},"end":{"line":192,"column":67}}],"line":191},"5":{"loc":{"start":{"line":216,"column":25},"end":{"line":218,"column":25}},"type":"binary-expr","locations":[{"start":{"line":216,"column":25},"end":{"line":216,"column":59}},{"start":{"line":217,"column":28},"end":{"line":217,"column":67}}],"line":216}},"s":{"0":0,"1":0,"2":0,"3":0,"4":0,"5":0,"6":0,"7":0,"8":0,"9":0,"10":0,"11":0,"12":0,"13":0,"14":0,"15":0,"16":0,"17":0,"18":0,"19":0,"20":0,"21":0,"22":0,"23":0,"24":0,"25":0,"26":0,"27":0,"28":0,"29":0,"30":0,"31":0,"32":0,"33":0,"34":0,"35":0,"36":0,"37":0,"38":0,"39":0,"40":0,"41":0},"f":{"0":0,"1":0,"2":0,"3":0,"4":0,"5":0,"6":0,"7":0,"8":0,"9":0,"10":0,"11":0,"12":0,"13":0,"14":0,"15":0,"16":0,"17":0,"18":0,"19":0,"20":0},"b":{"0":[0,0],"1":[0,0],"2":[0,0],"3":[0,0,0],"4":[0,0],"5":[0,0]},"hash":"d484ce83338a46fc71109340613a2ed9de547983"}
,"C:\\Users\\User\\Desktop\\gobarber\\web\\src\\pages\\ForgotPassword\\index.tsx": {"path":"C:\\Users\\User\\Desktop\\gobarber\\web\\src\\pages\\ForgotPassword\\index.tsx","statementMap":{"0":{"start":{"line":20,"column":33},"end":{"line":90,"column":1}},"1":{"start":{"line":21,"column":20},"end":{"line":21,"column":45}},"2":{"start":{"line":23,"column":25},"end":{"line":23,"column":35}},"3":{"start":{"line":25,"column":25},"end":{"line":64,"column":17}},"4":{"start":{"line":26,"column":8},"end":{"line":63,"column":9}},"5":{"start":{"line":27,"column":12},"end":{"line":27,"column":42}},"6":{"start":{"line":29,"column":27},"end":{"line":31,"column":15}},"7":{"start":{"line":33,"column":8},"end":{"line":35,"column":10}},"8":{"start":{"line":37,"column":8},"end":{"line":39,"column":10}},"9":{"start":{"line":41,"column":8},"end":{"line":46,"column":10}},"10":{"start":{"line":49,"column":8},"end":{"line":56,"column":9}},"11":{"start":{"line":51,"column":27},"end":{"line":51,"column":51}},"12":{"start":{"line":53,"column":12},"end":{"line":53,"column":46}},"13":{"start":{"line":55,"column":12},"end":{"line":55,"column":18}},"14":{"start":{"line":58,"column":8},"end":{"line":62,"column":10}},"15":{"start":{"line":66,"column":4},"end":{"line":89,"column":5}}},"fnMap":{"0":{"name":"(anonymous_0)","decl":{"start":{"line":20,"column":33},"end":{"line":20,"column":34}},"loc":{"start":{"line":20,"column":39},"end":{"line":90,"column":1}},"line":20},"1":{"name":"(anonymous_1)","decl":{"start":{"line":25,"column":37},"end":{"line":25,"column":38}},"loc":{"start":{"line":25,"column":77},"end":{"line":64,"column":5}},"line":25}},"branchMap":{"0":{"loc":{"start":{"line":49,"column":8},"end":{"line":56,"column":9}},"type":"if","locations":[{"start":{"line":49,"column":8},"end":{"line":56,"column":9}},{"start":{"line":49,"column":8},"end":{"line":56,"column":9}}],"line":49}},"s":{"0":0,"1":0,"2":0,"3":0,"4":0,"5":0,"6":0,"7":0,"8":0,"9":0,"10":0,"11":0,"12":0,"13":0,"14":0,"15":0},"f":{"0":0,"1":0},"b":{"0":[0,0]},"hash":"a7c4da63a637d09a91313faa6f5b52b100284793"}
,"C:\\Users\\User\\Desktop\\gobarber\\web\\src\\pages\\Profile\\index.tsx": {"path":"C:\\Users\\User\\Desktop\\gobarber\\web\\src\\pages\\Profile\\index.tsx","statementMap":{"0":{"start":{"line":24,"column":26},"end":{"line":174,"column":1}},"1":{"start":{"line":25,"column":20},"end":{"line":25,"column":45}},"2":{"start":{"line":26,"column":20},"end":{"line":26,"column":32}},"3":{"start":{"line":28,"column":25},"end":{"line":28,"column":35}},"4":{"start":{"line":29,"column":33},"end":{"line":29,"column":42}},"5":{"start":{"line":31,"column":25},"end":{"line":100,"column":38}},"6":{"start":{"line":32,"column":8},"end":{"line":98,"column":5}},"7":{"start":{"line":33,"column":12},"end":{"line":33,"column":42}},"8":{"start":{"line":35,"column":27},"end":{"line":52,"column":15}},"9":{"start":{"line":40,"column":33},"end":{"line":40,"column":47}},"10":{"start":{"line":46,"column":33},"end":{"line":46,"column":47}},"11":{"start":{"line":54,"column":8},"end":{"line":56,"column":10}},"12":{"start":{"line":58,"column":79},"end":{"line":58,"column":83}},"13":{"start":{"line":60,"column":25},"end":{"line":70,"column":9}},"14":{"start":{"line":72,"column":25},"end":{"line":72,"column":60}},"15":{"start":{"line":74,"column":8},"end":{"line":74,"column":33}},"16":{"start":{"line":76,"column":8},"end":{"line":76,"column":34}},"17":{"start":{"line":78,"column":8},"end":{"line":82,"column":10}},"18":{"start":{"line":84,"column":8},"end":{"line":91,"column":9}},"19":{"start":{"line":86,"column":27},"end":{"line":86,"column":51}},"20":{"start":{"line":88,"column":12},"end":{"line":88,"column":46}},"21":{"start":{"line":90,"column":12},"end":{"line":90,"column":18}},"22":{"start":{"line":93,"column":8},"end":{"line":97,"column":10}},"23":{"start":{"line":102,"column":31},"end":{"line":117,"column":30}},"24":{"start":{"line":103,"column":8},"end":{"line":116,"column":9}},"25":{"start":{"line":104,"column":25},"end":{"line":104,"column":39}},"26":{"start":{"line":106,"column":12},"end":{"line":106,"column":56}},"27":{"start":{"line":108,"column":12},"end":{"line":115,"column":14}},"28":{"start":{"line":109,"column":16},"end":{"line":109,"column":41}},"29":{"start":{"line":111,"column":16},"end":{"line":114,"column":18}},"30":{"start":{"line":119,"column":4},"end":{"line":173,"column":5}}},"fnMap":{"0":{"name":"(anonymous_0)","decl":{"start":{"line":24,"column":26},"end":{"line":24,"column":27}},"loc":{"start":{"line":24,"column":32},"end":{"line":174,"column":1}},"line":24},"1":{"name":"(anonymous_1)","decl":{"start":{"line":31,"column":37},"end":{"line":31,"column":38}},"loc":{"start":{"line":31,"column":70},"end":{"line":100,"column":5}},"line":31},"2":{"name":"(anonymous_2)","decl":{"start":{"line":40,"column":24},"end":{"line":40,"column":25}},"loc":{"start":{"line":40,"column":33},"end":{"line":40,"column":47}},"line":40},"3":{"name":"(anonymous_3)","decl":{"start":{"line":46,"column":24},"end":{"line":46,"column":25}},"loc":{"start":{"line":46,"column":33},"end":{"line":46,"column":47}},"line":46},"4":{"name":"(anonymous_4)","decl":{"start":{"line":102,"column":43},"end":{"line":102,"column":44}},"loc":{"start":{"line":102,"column":85},"end":{"line":117,"column":5}},"line":102},"5":{"name":"(anonymous_5)","decl":{"start":{"line":108,"column":50},"end":{"line":108,"column":51}},"loc":{"start":{"line":108,"column":64},"end":{"line":115,"column":13}},"line":108}},"branchMap":{"0":{"loc":{"start":{"line":63,"column":16},"end":{"line":69,"column":16}},"type":"cond-expr","locations":[{"start":{"line":64,"column":16},"end":{"line":68,"column":17}},{"start":{"line":69,"column":14},"end":{"line":69,"column":16}}],"line":63},"1":{"loc":{"start":{"line":84,"column":8},"end":{"line":91,"column":9}},"type":"if","locations":[{"start":{"line":84,"column":8},"end":{"line":91,"column":9}},{"start":{"line":84,"column":8},"end":{"line":91,"column":9}}],"line":84},"2":{"loc":{"start":{"line":103,"column":8},"end":{"line":116,"column":9}},"type":"if","locations":[{"start":{"line":103,"column":8},"end":{"line":116,"column":9}},{"start":{"line":103,"column":8},"end":{"line":116,"column":9}}],"line":103}},"s":{"0":0,"1":0,"2":0,"3":0,"4":0,"5":0,"6":0,"7":0,"8":0,"9":0,"10":0,"11":0,"12":0,"13":0,"14":0,"15":0,"16":0,"17":0,"18":0,"19":0,"20":0,"21":0,"22":0,"23":0,"24":0,"25":0,"26":0,"27":0,"28":0,"29":0,"30":0},"f":{"0":0,"1":0,"2":0,"3":0,"4":0,"5":0},"b":{"0":[0,0],"1":[0,0],"2":[0,0]},"hash":"1e94ec6590fc49d0a74343aeb52ea0dbf4c30b97"}
,"C:\\Users\\User\\Desktop\\gobarber\\web\\src\\pages\\ResetPassword\\index.tsx": {"path":"C:\\Users\\User\\Desktop\\gobarber\\web\\src\\pages\\ResetPassword\\index.tsx","statementMap":{"0":{"start":{"line":21,"column":32},"end":{"line":109,"column":1}},"1":{"start":{"line":22,"column":20},"end":{"line":22,"column":45}},"2":{"start":{"line":24,"column":21},"end":{"line":24,"column":34}},"3":{"start":{"line":26,"column":25},"end":{"line":26,"column":35}},"4":{"start":{"line":28,"column":20},"end":{"line":28,"column":32}},"5":{"start":{"line":30,"column":25},"end":{"line":77,"column":43}},"6":{"start":{"line":31,"column":8},"end":{"line":76,"column":9}},"7":{"start":{"line":32,"column":12},"end":{"line":32,"column":42}},"8":{"start":{"line":34,"column":27},"end":{"line":39,"column":15}},"9":{"start":{"line":41,"column":8},"end":{"line":43,"column":10}},"10":{"start":{"line":45,"column":52},"end":{"line":45,"column":56}},"11":{"start":{"line":47,"column":22},"end":{"line":47,"column":60}},"12":{"start":{"line":49,"column":8},"end":{"line":51,"column":9}},"13":{"start":{"line":50,"column":12},"end":{"line":50,"column":29}},"14":{"start":{"line":53,"column":8},"end":{"line":57,"column":10}},"15":{"start":{"line":59,"column":8},"end":{"line":59,"column":25}},"16":{"start":{"line":62,"column":8},"end":{"line":69,"column":9}},"17":{"start":{"line":64,"column":27},"end":{"line":64,"column":51}},"18":{"start":{"line":66,"column":12},"end":{"line":66,"column":46}},"19":{"start":{"line":68,"column":12},"end":{"line":68,"column":18}},"20":{"start":{"line":71,"column":8},"end":{"line":75,"column":10}},"21":{"start":{"line":79,"column":4},"end":{"line":108,"column":5}}},"fnMap":{"0":{"name":"(anonymous_0)","decl":{"start":{"line":21,"column":32},"end":{"line":21,"column":33}},"loc":{"start":{"line":21,"column":38},"end":{"line":109,"column":1}},"line":21},"1":{"name":"(anonymous_1)","decl":{"start":{"line":30,"column":37},"end":{"line":30,"column":38}},"loc":{"start":{"line":30,"column":76},"end":{"line":77,"column":5}},"line":30}},"branchMap":{"0":{"loc":{"start":{"line":49,"column":8},"end":{"line":51,"column":9}},"type":"if","locations":[{"start":{"line":49,"column":8},"end":{"line":51,"column":9}},{"start":{"line":49,"column":8},"end":{"line":51,"column":9}}],"line":49},"1":{"loc":{"start":{"line":62,"column":8},"end":{"line":69,"column":9}},"type":"if","locations":[{"start":{"line":62,"column":8},"end":{"line":69,"column":9}},{"start":{"line":62,"column":8},"end":{"line":69,"column":9}}],"line":62}},"s":{"0":0,"1":0,"2":0,"3":0,"4":0,"5":0,"6":0,"7":0,"8":0,"9":0,"10":0,"11":0,"12":0,"13":0,"14":0,"15":0,"16":0,"17":0,"18":0,"19":0,"20":0,"21":0},"f":{"0":0,"1":0},"b":{"0":[0,0],"1":[0,0]},"hash":"88db0fcca515528d0693bf3a2e7c7acd0f312511"}
,"C:\\Users\\User\\Desktop\\gobarber\\web\\src\\pages\\SignIn\\index.tsx": {"path":"C:\\Users\\User\\Desktop\\gobarber\\web\\src\\pages\\SignIn\\index.tsx","statementMap":{"0":{"start":{"line":21,"column":25},"end":{"line":92,"column":1}},"1":{"start":{"line":22,"column":20},"end":{"line":22,"column":45}},"2":{"start":{"line":24,"column":23},"end":{"line":24,"column":32}},"3":{"start":{"line":25,"column":25},"end":{"line":25,"column":35}},"4":{"start":{"line":26,"column":20},"end":{"line":26,"column":32}},"5":{"start":{"line":28,"column":25},"end":{"line":63,"column":34}},"6":{"start":{"line":29,"column":8},"end":{"line":62,"column":9}},"7":{"start":{"line":30,"column":12},"end":{"line":30,"column":42}},"8":{"start":{"line":32,"column":27},"end":{"line":35,"column":15}},"9":{"start":{"line":37,"column":8},"end":{"line":39,"column":10}},"10":{"start":{"line":41,"column":8},"end":{"line":44,"column":10}},"11":{"start":{"line":46,"column":8},"end":{"line":46,"column":34}},"12":{"start":{"line":48,"column":8},"end":{"line":55,"column":9}},"13":{"start":{"line":50,"column":27},"end":{"line":50,"column":51}},"14":{"start":{"line":52,"column":12},"end":{"line":52,"column":46}},"15":{"start":{"line":54,"column":12},"end":{"line":54,"column":18}},"16":{"start":{"line":57,"column":8},"end":{"line":61,"column":10}},"17":{"start":{"line":65,"column":4},"end":{"line":91,"column":5}}},"fnMap":{"0":{"name":"(anonymous_0)","decl":{"start":{"line":21,"column":25},"end":{"line":21,"column":26}},"loc":{"start":{"line":21,"column":31},"end":{"line":92,"column":1}},"line":21},"1":{"name":"(anonymous_1)","decl":{"start":{"line":28,"column":37},"end":{"line":28,"column":38}},"loc":{"start":{"line":28,"column":69},"end":{"line":63,"column":5}},"line":28}},"branchMap":{"0":{"loc":{"start":{"line":48,"column":8},"end":{"line":55,"column":9}},"type":"if","locations":[{"start":{"line":48,"column":8},"end":{"line":55,"column":9}},{"start":{"line":48,"column":8},"end":{"line":55,"column":9}}],"line":48}},"s":{"0":1,"1":3,"2":3,"3":3,"4":3,"5":3,"6":3,"7":3,"8":3,"9":3,"10":2,"11":1,"12":2,"13":1,"14":1,"15":1,"16":1,"17":3},"f":{"0":3,"1":3},"b":{"0":[1,1]},"_coverageSchema":"43e27e138ebf9cfc5966b082cf9a028302ed4184","hash":"08832761d0795459a184b019573606e751f911f6"}
,"C:\\Users\\User\\Desktop\\gobarber\\web\\src\\pages\\SignUp\\index.tsx": {"path":"C:\\Users\\User\\Desktop\\gobarber\\web\\src\\pages\\SignUp\\index.tsx","statementMap":{"0":{"start":{"line":22,"column":25},"end":{"line":96,"column":1}},"1":{"start":{"line":23,"column":20},"end":{"line":23,"column":45}},"2":{"start":{"line":24,"column":25},"end":{"line":24,"column":35}},"3":{"start":{"line":26,"column":20},"end":{"line":26,"column":32}},"4":{"start":{"line":28,"column":25},"end":{"line":68,"column":26}},"5":{"start":{"line":29,"column":8},"end":{"line":66,"column":5}},"6":{"start":{"line":30,"column":12},"end":{"line":30,"column":42}},"7":{"start":{"line":32,"column":27},"end":{"line":36,"column":15}},"8":{"start":{"line":38,"column":8},"end":{"line":40,"column":10}},"9":{"start":{"line":42,"column":8},"end":{"line":42,"column":38}},"10":{"start":{"line":44,"column":8},"end":{"line":44,"column":25}},"11":{"start":{"line":46,"column":8},"end":{"line":50,"column":10}},"12":{"start":{"line":52,"column":8},"end":{"line":59,"column":9}},"13":{"start":{"line":54,"column":27},"end":{"line":54,"column":51}},"14":{"start":{"line":56,"column":12},"end":{"line":56,"column":46}},"15":{"start":{"line":58,"column":12},"end":{"line":58,"column":18}},"16":{"start":{"line":61,"column":8},"end":{"line":65,"column":10}},"17":{"start":{"line":70,"column":4},"end":{"line":95,"column":5}}},"fnMap":{"0":{"name":"(anonymous_0)","decl":{"start":{"line":22,"column":25},"end":{"line":22,"column":26}},"loc":{"start":{"line":22,"column":31},"end":{"line":96,"column":1}},"line":22},"1":{"name":"(anonymous_1)","decl":{"start":{"line":28,"column":37},"end":{"line":28,"column":38}},"loc":{"start":{"line":28,"column":69},"end":{"line":68,"column":5}},"line":28}},"branchMap":{"0":{"loc":{"start":{"line":52,"column":8},"end":{"line":59,"column":9}},"type":"if","locations":[{"start":{"line":52,"column":8},"end":{"line":59,"column":9}},{"start":{"line":52,"column":8},"end":{"line":59,"column":9}}],"line":52}},"s":{"0":0,"1":0,"2":0,"3":0,"4":0,"5":0,"6":0,"7":0,"8":0,"9":0,"10":0,"11":0,"12":0,"13":0,"14":0,"15":0,"16":0,"17":0},"f":{"0":0,"1":0},"b":{"0":[0,0]},"hash":"adea49b0c11955909e0a6510b6d761c03e062efc"}
}
