TN:
SF:C:\Users\User\Desktop\gobarber\web\src\components\Button\index.tsx
FN:9,(anonymous_0)
FNF:1
FNH:1
FNDA:1,(anonymous_0)
DA:9,1
DA:10,1
LF:2
LH:2
BRF:0
BRH:0
end_of_record
TN:
SF:C:\Users\User\Desktop\gobarber\web\src\components\Input\index.tsx
FN:14,(anonymous_0)
FN:21,(anonymous_1)
FN:25,(anonymous_2)
FN:31,(anonymous_3)
FNF:4
FNH:2
FNDA:6,(anonymous_0)
FNDA:0,(anonymous_1)
FNDA:0,(anonymous_2)
FNDA:2,(anonymous_3)
DA:14,1
DA:15,6
DA:16,6
DA:18,6
DA:19,6
DA:21,6
DA:22,0
DA:25,6
DA:26,0
DA:28,0
DA:31,6
DA:32,2
DA:39,6
LF:13
LH:10
BRDA:14,0,0,6
BRDA:41,1,0,6
BRDA:41,1,1,6
BRDA:50,2,0,6
BRDA:50,2,1,0
BRF:5
BRH:4
end_of_record
TN:
SF:C:\Users\User\Desktop\gobarber\web\src\components\ToastContainer\index.tsx
FN:13,(anonymous_0)
FN:16,(anonymous_1)
FN:26,(anonymous_2)
FNF:3
FNH:0
FNDA:0,(anonymous_0)
FNDA:0,(anonymous_1)
FNDA:0,(anonymous_2)
DA:13,1
DA:14,0
DA:16,0
DA:24,0
DA:27,0
LF:5
LH:1
BRF:0
BRH:0
end_of_record
TN:
SF:C:\Users\User\Desktop\gobarber\web\src\components\ToastContainer\Toast\index.tsx
FN:18,(anonymous_0)
FN:21,(anonymous_1)
FN:22,(anonymous_2)
FN:26,(anonymous_3)
FN:41,(anonymous_4)
FNF:5
FNH:0
FNDA:0,(anonymous_0)
FNDA:0,(anonymous_1)
FNDA:0,(anonymous_2)
FNDA:0,(anonymous_3)
FNDA:0,(anonymous_4)
DA:12,1
DA:18,1
DA:19,0
DA:21,0
DA:22,0
DA:23,0
DA:26,0
DA:27,0
DA:32,0
DA:41,0
LF:10
LH:2
BRDA:34,0,0,0
BRDA:34,0,1,0
BRDA:38,1,0,0
BRDA:38,1,1,0
BRF:4
BRH:0
end_of_record
TN:
SF:C:\Users\User\Desktop\gobarber\web\src\hooks\auth.tsx
FN:31,(anonymous_0)
FN:32,(anonymous_1)
FN:47,(anonymous_2)
FN:63,(anonymous_3)
FN:70,(anonymous_4)
FN:86,useAuth
FNF:6
FNH:0
FNDA:0,(anonymous_0)
FNDA:0,(anonymous_1)
FNDA:0,(anonymous_2)
FNDA:0,(anonymous_3)
FNDA:0,(anonymous_4)
FNDA:0,useAuth
DA:29,0
DA:31,0
DA:32,0
DA:33,0
DA:34,0
DA:36,0
DA:37,0
DA:39,0
DA:43,0
DA:47,0
DA:48,0
DA:52,0
DA:54,0
DA:55,0
DA:57,0
DA:59,0
DA:63,0
DA:64,0
DA:65,0
DA:67,0
DA:70,0
DA:71,0
DA:73,0
DA:79,0
DA:87,0
DA:89,0
DA:90,0
DA:93,0
LF:28
LH:0
BRDA:36,0,0,0
BRDA:36,0,1,0
BRDA:36,1,0,0
BRDA:36,1,1,0
BRDA:89,2,0,0
BRDA:89,2,1,0
BRF:6
BRH:0
end_of_record
TN:
SF:C:\Users\User\Desktop\gobarber\web\src\hooks\toast.tsx
FN:20,(anonymous_0)
FN:23,(anonymous_1)
FN:33,(anonymous_2)
FN:36,(anonymous_3)
FN:37,(anonymous_4)
FN:37,(anonymous_5)
FN:49,useToast
FNF:7
FNH:1
FNDA:0,(anonymous_0)
FNDA:0,(anonymous_1)
FNDA:0,(anonymous_2)
FNDA:0,(anonymous_3)
FNDA:0,(anonymous_4)
FNDA:0,(anonymous_5)
FNDA:1,useToast
DA:18,1
DA:20,1
DA:21,0
DA:23,0
DA:24,0
DA:26,0
DA:33,0
DA:36,0
DA:37,0
DA:40,0
DA:50,1
DA:52,1
DA:53,0
DA:56,1
LF:14
LH:5
BRDA:52,0,0,0
BRDA:52,0,1,1
BRF:2
BRH:1
end_of_record
TN:
SF:C:\Users\User\Desktop\gobarber\web\src\pages\Dashboard\index.tsx
FN:40,(anonymous_0)
FN:48,(anonymous_1)
FN:54,(anonymous_2)
FN:58,(anonymous_3)
FN:64,(anonymous_4)
FN:69,(anonymous_5)
FN:76,(anonymous_6)
FN:77,(anonymous_7)
FN:88,(anonymous_8)
FN:90,(anonymous_9)
FN:91,(anonymous_10)
FN:102,(anonymous_11)
FN:109,(anonymous_12)
FN:114,(anonymous_13)
FN:115,(anonymous_14)
FN:121,(anonymous_15)
FN:122,(anonymous_16)
FN:128,(anonymous_17)
FN:129,(anonymous_18)
FN:195,(anonymous_19)
FN:220,(anonymous_20)
FNF:21
FNH:0
FNDA:0,(anonymous_0)
FNDA:0,(anonymous_1)
FNDA:0,(anonymous_2)
FNDA:0,(anonymous_3)
FNDA:0,(anonymous_4)
FNDA:0,(anonymous_5)
FNDA:0,(anonymous_6)
FNDA:0,(anonymous_7)
FNDA:0,(anonymous_8)
FNDA:0,(anonymous_9)
FNDA:0,(anonymous_10)
FNDA:0,(anonymous_11)
FNDA:0,(anonymous_12)
FNDA:0,(anonymous_13)
FNDA:0,(anonymous_14)
FNDA:0,(anonymous_15)
FNDA:0,(anonymous_16)
FNDA:0,(anonymous_17)
FNDA:0,(anonymous_18)
FNDA:0,(anonymous_19)
FNDA:0,(anonymous_20)
DA:40,0
DA:41,0
DA:42,0
DA:43,0
DA:44,0
DA:46,0
DA:48,0
DA:49,0
DA:50,0
DA:54,0
DA:55,0
DA:58,0
DA:59,0
DA:65,0
DA:69,0
DA:70,0
DA:77,0
DA:78,0
DA:83,0
DA:88,0
DA:89,0
DA:90,0
DA:92,0
DA:93,0
DA:95,0
DA:98,0
DA:102,0
DA:103,0
DA:109,0
DA:110,0
DA:114,0
DA:115,0
DA:116,0
DA:121,0
DA:122,0
DA:123,0
DA:128,0
DA:129,0
DA:130,0
DA:134,0
DA:196,0
DA:221,0
LF:42
LH:0
BRDA:49,0,0,0
BRDA:49,0,1,0
BRDA:49,1,0,0
BRDA:49,1,1,0
BRDA:166,2,0,0
BRDA:166,2,1,0
BRDA:171,3,0,0
BRDA:171,3,1,0
BRDA:171,3,2,0
BRDA:191,4,0,0
BRDA:191,4,1,0
BRDA:216,5,0,0
BRDA:216,5,1,0
BRF:13
BRH:0
end_of_record
TN:
SF:C:\Users\User\Desktop\gobarber\web\src\pages\ForgotPassword\index.tsx
FN:20,(anonymous_0)
FN:25,(anonymous_1)
FNF:2
FNH:0
FNDA:0,(anonymous_0)
FNDA:0,(anonymous_1)
DA:20,0
DA:21,0
DA:23,0
DA:25,0
DA:26,0
DA:27,0
DA:29,0
DA:33,0
DA:37,0
DA:41,0
DA:49,0
DA:51,0
DA:53,0
DA:55,0
DA:58,0
DA:66,0
LF:16
LH:0
BRDA:49,0,0,0
BRDA:49,0,1,0
BRF:2
BRH:0
end_of_record
TN:
SF:C:\Users\User\Desktop\gobarber\web\src\pages\Profile\index.tsx
FN:24,(anonymous_0)
FN:31,(anonymous_1)
FN:40,(anonymous_2)
FN:46,(anonymous_3)
FN:102,(anonymous_4)
FN:108,(anonymous_5)
FNF:6
FNH:0
FNDA:0,(anonymous_0)
FNDA:0,(anonymous_1)
FNDA:0,(anonymous_2)
FNDA:0,(anonymous_3)
FNDA:0,(anonymous_4)
FNDA:0,(anonymous_5)
DA:24,0
DA:25,0
DA:26,0
DA:28,0
DA:29,0
DA:31,0
DA:32,0
DA:33,0
DA:35,0
DA:40,0
DA:46,0
DA:54,0
DA:58,0
DA:60,0
DA:72,0
DA:74,0
DA:76,0
DA:78,0
DA:84,0
DA:86,0
DA:88,0
DA:90,0
DA:93,0
DA:102,0
DA:103,0
DA:104,0
DA:106,0
DA:108,0
DA:109,0
DA:111,0
DA:119,0
LF:31
LH:0
BRDA:63,0,0,0
BRDA:63,0,1,0
BRDA:84,1,0,0
BRDA:84,1,1,0
BRDA:103,2,0,0
BRDA:103,2,1,0
BRF:6
BRH:0
end_of_record
TN:
SF:C:\Users\User\Desktop\gobarber\web\src\pages\ResetPassword\index.tsx
FN:21,(anonymous_0)
FN:30,(anonymous_1)
FNF:2
FNH:0
FNDA:0,(anonymous_0)
FNDA:0,(anonymous_1)
DA:21,0
DA:22,0
DA:24,0
DA:26,0
DA:28,0
DA:30,0
DA:31,0
DA:32,0
DA:34,0
DA:41,0
DA:45,0
DA:47,0
DA:49,0
DA:50,0
DA:53,0
DA:59,0
DA:62,0
DA:64,0
DA:66,0
DA:68,0
DA:71,0
DA:79,0
LF:22
LH:0
BRDA:49,0,0,0
BRDA:49,0,1,0
BRDA:62,1,0,0
BRDA:62,1,1,0
BRF:4
BRH:0
end_of_record
TN:
SF:C:\Users\User\Desktop\gobarber\web\src\pages\SignIn\index.tsx
FN:21,(anonymous_0)
FN:28,(anonymous_1)
FNF:2
FNH:2
FNDA:1,(anonymous_0)
FNDA:1,(anonymous_1)
DA:21,1
DA:22,1
DA:24,1
DA:25,1
DA:26,1
DA:28,1
DA:29,1
DA:30,1
DA:32,1
DA:37,1
DA:41,1
DA:46,1
DA:48,0
DA:50,0
DA:52,0
DA:54,0
DA:57,0
DA:65,1
LF:18
LH:13
BRDA:48,0,0,0
BRDA:48,0,1,0
BRF:2
BRH:0
end_of_record
TN:
SF:C:\Users\User\Desktop\gobarber\web\src\pages\SignUp\index.tsx
FN:22,(anonymous_0)
FN:28,(anonymous_1)
FNF:2
FNH:0
FNDA:0,(anonymous_0)
FNDA:0,(anonymous_1)
DA:22,0
DA:23,0
DA:24,0
DA:26,0
DA:28,0
DA:29,0
DA:30,0
DA:32,0
DA:38,0
DA:42,0
DA:44,0
DA:46,0
DA:52,0
DA:54,0
DA:56,0
DA:58,0
DA:61,0
DA:70,0
LF:18
LH:0
BRDA:52,0,0,0
BRDA:52,0,1,0
BRF:2
BRH:0
end_of_record
